
The coordinate (X) of the equilibrium point P in km is: 2.695587267064831E-01
The coordinate (Y) of the equilibrium point P in km is:-1.640951638566749E-01
The coordinate (Z) of the equilibrium point P in km is:-8.625985779647963E-04
-------------------------------------------------------------------

The gravitational potential (U) in km^2*sec^-2 at P is:-1.580791346699499E-08
-------------------------------------------------------------------

The first derivative       (Ux) in   km*sec^-2 at P is:-4.449057939559084E-08
The first derivative       (Uy) in   km*sec^-2 at P is: 2.708385295447608E-08
The first derivative       (Uz) in   km*sec^-2 at P is:-5.608184598403430E-21
-------------------------------------------------------------------

Length of the attraction vector in   km*sec^-2 at P is: 5.208595536049094E-08
phi   (angle to x-axis in degrees) : 148.66884
theta (angle to y-axis in degrees) :  58.66884
omega (angle to z-axis in degrees) :  90.00000

-------------------------------------------------------------------

The second  derivative    (Uxx) in     sec^-2 at P is: 2.186059250924683E-07
The second  derivative    (Uyy) in     sec^-2 at P is:-2.211305808632788E-08
The second  derivative    (Uzz) in     sec^-2 at P is:-1.964928670061443E-07

-------------------------------------------------------------------
The Laplace equation ( Uxx + Uyy + Uzz ) at P gives  :-3.838118042246048E-21
-------------------------------------------------------------------

The second  derivative    (Uxy) in     sec^-2 at P is:-2.189764958097931E-07
The second  derivative    (Uxz) in     sec^-2 at P is: 2.095843052806077E-09
The second  derivative    (Uyx) in     sec^-2 at P is:-2.189764958097931E-07
The second  derivative    (Uyz) in     sec^-2 at P is: 5.532362716022582E-10
The second  derivative    (Uzx) in     sec^-2 at P is: 2.095843052806077E-09
The second  derivative    (Uzy) in     sec^-2 at P is: 5.532362716022582E-10

-------------------------------------------------------------------

The Jacobi Constant (J) or (V) in km^2*sec^-2 at P is:-2.402649007736708E-08

-------------------------------------------------------------------

The Rotation Period in hours is: 4.296057000000000E+00
Density: 1.190000000000000E+12

