
The coordinate (X) of the equilibrium point P in km is: 8.090346288216761E-02
The coordinate (Y) of the equilibrium point P in km is: 3.034464544564487E-01
The coordinate (Z) of the equilibrium point P in km is: 1.796009204120592E-03
-------------------------------------------------------------------

The gravitational potential (U) in km^2*sec^-2 at P is:-1.577219361767374E-08
-------------------------------------------------------------------

The first derivative       (Ux) in   km*sec^-2 at P is:-1.335309000311786E-08
The first derivative       (Uy) in   km*sec^-2 at P is:-5.008373774283887E-08
The first derivative       (Uz) in   km*sec^-2 at P is: 1.785842980389122E-17
-------------------------------------------------------------------

Length of the attraction vector in   km*sec^-2 at P is: 5.183324993597091E-08
phi   (angle to x-axis in degrees) : 104.92867
theta (angle to y-axis in degrees) : 165.07133
omega (angle to z-axis in degrees) :  90.00000

-------------------------------------------------------------------

The second  derivative    (Uxx) in     sec^-2 at P is:-1.200924210467428E-07
The second  derivative    (Uyy) in     sec^-2 at P is: 3.205516219220724E-07
The second  derivative    (Uzz) in     sec^-2 at P is:-2.004592008753200E-07

-------------------------------------------------------------------
The Laplace equation ( Uxx + Uyy + Uzz ) at P gives  : 9.661469554619363E-21
-------------------------------------------------------------------

The second  derivative    (Uxy) in     sec^-2 at P is: 1.252928903087134E-07
The second  derivative    (Uxz) in     sec^-2 at P is:-2.479998492066502E-09
The second  derivative    (Uyx) in     sec^-2 at P is: 1.252928903087134E-07
The second  derivative    (Uyz) in     sec^-2 at P is:-5.262531846578570E-09
The second  derivative    (Uzx) in     sec^-2 at P is:-2.479998492066502E-09
The second  derivative    (Uzy) in     sec^-2 at P is:-5.262531846578570E-09

-------------------------------------------------------------------

The Jacobi Constant (J) or (V) in km^2*sec^-2 at P is:-2.391121555038467E-08

-------------------------------------------------------------------

The Rotation Period in hours is: 4.296057000000000E+00
Density: 1.190000000000000E+12

