
The coordinate (X) of the equilibrium point P in km is: 3.117568203864757E-01
The coordinate (Y) of the equilibrium point P in km is: 8.305862349371074E-02
The coordinate (Z) of the equilibrium point P in km is:-6.216106395631774E-04
-------------------------------------------------------------------

The gravitational potential (U) in km^2*sec^-2 at P is:-1.565466836080510E-08
-------------------------------------------------------------------

The first derivative       (Ux) in   km*sec^-2 at P is:-5.145536091217597E-08
The first derivative       (Uy) in   km*sec^-2 at P is:-1.370879855741353E-08
The first derivative       (Uz) in   km*sec^-2 at P is: 1.174836531377623E-21
-------------------------------------------------------------------

Length of the attraction vector in   km*sec^-2 at P is: 5.325021431402910E-08
phi   (angle to x-axis in degrees) : 165.08171
theta (angle to y-axis in degrees) : 104.91829
omega (angle to z-axis in degrees) :  90.00000

-------------------------------------------------------------------

The second  derivative    (Uxx) in     sec^-2 at P is: 3.721905920043106E-07
The second  derivative    (Uyy) in     sec^-2 at P is:-1.502478788602030E-07
The second  derivative    (Uzz) in     sec^-2 at P is:-2.219427131441103E-07

-------------------------------------------------------------------
The Laplace equation ( Uxx + Uyy + Uzz ) at P gives  :-2.620508180567992E-21
-------------------------------------------------------------------

The second  derivative    (Uxy) in     sec^-2 at P is: 1.448422017535733E-07
The second  derivative    (Uxz) in     sec^-2 at P is: 5.209140224689185E-10
The second  derivative    (Uyx) in     sec^-2 at P is: 1.448422017535733E-07
The second  derivative    (Uyz) in     sec^-2 at P is:-3.829261250792850E-09
The second  derivative    (Uzx) in     sec^-2 at P is: 5.209140224689185E-10
The second  derivative    (Uzy) in     sec^-2 at P is:-3.829261250792850E-09

-------------------------------------------------------------------

The Jacobi Constant (J) or (V) in km^2*sec^-2 at P is:-2.424476518468007E-08

-------------------------------------------------------------------

The Rotation Period in hours is: 4.296057000000000E+00
Density: 1.190000000000000E+12

