
The coordinate (X) of the equilibrium point P in km is:-2.968786087977791E-01
The coordinate (Y) of the equilibrium point P in km is:-1.271426420914469E-01
The coordinate (Z) of the equilibrium point P in km is:-2.573469527416777E-03
-------------------------------------------------------------------

The gravitational potential (U) in km^2*sec^-2 at P is:-1.564334518813208E-08
-------------------------------------------------------------------

The first derivative       (Ux) in   km*sec^-2 at P is: 4.899971697095353E-08
The first derivative       (Uy) in   km*sec^-2 at P is: 2.098485136204282E-08
The first derivative       (Uz) in   km*sec^-2 at P is: 4.981631532014145E-18
-------------------------------------------------------------------

Length of the attraction vector in   km*sec^-2 at P is: 5.330418604500572E-08
phi   (angle to x-axis in degrees) :  23.18374
theta (angle to y-axis in degrees) :  66.81626
omega (angle to z-axis in degrees) :  90.00000

-------------------------------------------------------------------

The second  derivative    (Uxx) in     sec^-2 at P is: 3.231029507084455E-07
The second  derivative    (Uyy) in     sec^-2 at P is:-9.255687960922027E-08
The second  derivative    (Uzz) in     sec^-2 at P is:-2.305460710992340E-07

-------------------------------------------------------------------
The Laplace equation ( Uxx + Uyy + Uzz ) at P gives  :-8.814436607365063E-21
-------------------------------------------------------------------

The second  derivative    (Uxy) in     sec^-2 at P is: 2.103223311707597E-07
The second  derivative    (Uxz) in     sec^-2 at P is:-4.401991915810334E-09
The second  derivative    (Uyx) in     sec^-2 at P is: 2.103223311707597E-07
The second  derivative    (Uyz) in     sec^-2 at P is:-5.090872395760463E-10
The second  derivative    (Uzx) in     sec^-2 at P is:-4.401991915810334E-09
The second  derivative    (Uzy) in     sec^-2 at P is:-5.090872395760463E-10

-------------------------------------------------------------------

The Jacobi Constant (J) or (V) in km^2*sec^-2 at P is:-2.425086381407542E-08

-------------------------------------------------------------------

The Rotation Period in hours is: 4.296057000000000E+00
Density: 1.190000000000000E+12

