
The coordinate (X) of the equilibrium point P in km is:-1.928654674837829E-01
The coordinate (Y) of the equilibrium point P in km is: 2.571943068751533E-01
The coordinate (Z) of the equilibrium point P in km is:-2.083584253008744E-04
-------------------------------------------------------------------

The gravitational potential (U) in km^2*sec^-2 at P is:-1.563943967696811E-08
-------------------------------------------------------------------

The first derivative       (Ux) in   km*sec^-2 at P is: 3.183238216693631E-08
The first derivative       (Uy) in   km*sec^-2 at P is:-4.244983593004089E-08
The first derivative       (Uz) in   km*sec^-2 at P is: 6.973479015260609E-21
-------------------------------------------------------------------

Length of the attraction vector in   km*sec^-2 at P is: 5.305929819465458E-08
phi   (angle to x-axis in degrees) :  53.13442
theta (angle to y-axis in degrees) : 143.13442
omega (angle to z-axis in degrees) :  90.00000

-------------------------------------------------------------------

The second  derivative    (Uxx) in     sec^-2 at P is: 3.031796119821690E-08
The second  derivative    (Uyy) in     sec^-2 at P is: 1.949509229303680E-07
The second  derivative    (Uzz) in     sec^-2 at P is:-2.252688841285831E-07

-------------------------------------------------------------------
The Laplace equation ( Uxx + Uyy + Uzz ) at P gives  : 1.852884572118782E-21
-------------------------------------------------------------------

The second  derivative    (Uxy) in     sec^-2 at P is:-2.850337495633795E-07
The second  derivative    (Uxz) in     sec^-2 at P is: 2.199197309779065E-09
The second  derivative    (Uyx) in     sec^-2 at P is:-2.850337495633795E-07
The second  derivative    (Uyz) in     sec^-2 at P is: 2.152518359437752E-09
The second  derivative    (Uzx) in     sec^-2 at P is: 2.199197309779065E-09
The second  derivative    (Uzy) in     sec^-2 at P is: 2.152518359437752E-09

-------------------------------------------------------------------

The Jacobi Constant (J) or (V) in km^2*sec^-2 at P is:-2.416805137533731E-08

-------------------------------------------------------------------

The Rotation Period in hours is: 4.296057000000000E+00
Density: 1.190000000000000E+12

