
The coordinate (X) of the equilibrium point P in km is: 1.875806848552152E-01
The coordinate (Y) of the equilibrium point P in km is:-2.575711029614154E-01
The coordinate (Z) of the equilibrium point P in km is:-1.566267576490684E-03
-------------------------------------------------------------------

The gravitational potential (U) in km^2*sec^-2 at P is:-1.568477903473191E-08
-------------------------------------------------------------------

The first derivative       (Ux) in   km*sec^-2 at P is:-3.096013046720057E-08
The first derivative       (Uy) in   km*sec^-2 at P is: 4.251202604568188E-08
The first derivative       (Uz) in   km*sec^-2 at P is: 1.461944613048174E-20
-------------------------------------------------------------------

Length of the attraction vector in   km*sec^-2 at P is: 5.259089309999229E-08
phi   (angle to x-axis in degrees) : 126.06464
theta (angle to y-axis in degrees) :  36.06464
omega (angle to z-axis in degrees) :  90.00000

-------------------------------------------------------------------

The second  derivative    (Uxx) in     sec^-2 at P is: 2.328920157628231E-08
The second  derivative    (Uyy) in     sec^-2 at P is: 1.846502560852184E-07
The second  derivative    (Uzz) in     sec^-2 at P is:-2.079394576614986E-07

-------------------------------------------------------------------
The Laplace equation ( Uxx + Uyy + Uzz ) at P gives  : 2.064642808932357E-21
-------------------------------------------------------------------

The second  derivative    (Uxy) in     sec^-2 at P is:-2.709369641731034E-07
The second  derivative    (Uxz) in     sec^-2 at P is: 3.747448703796828E-09
The second  derivative    (Uyx) in     sec^-2 at P is:-2.709369641731034E-07
The second  derivative    (Uyz) in     sec^-2 at P is:-4.505646466097037E-09
The second  derivative    (Uzx) in     sec^-2 at P is: 3.747448703796828E-09
The second  derivative    (Uzy) in     sec^-2 at P is:-4.505646466097037E-09

-------------------------------------------------------------------

The Jacobi Constant (J) or (V) in km^2*sec^-2 at P is:-2.406347499170874E-08

-------------------------------------------------------------------

The Rotation Period in hours is: 4.296057000000000E+00
Density: 1.190000000000000E+12

