
The coordinate (X) of the equilibrium point P in km is: 1.887617927163197E-01
The coordinate (Y) of the equilibrium point P in km is:-2.564860068172787E-01
The coordinate (Z) of the equilibrium point P in km is:-1.462388038635254E-03
-------------------------------------------------------------------

The gravitational potential (U) in km^2*sec^-2 at P is:-1.568384655256124E-08
-------------------------------------------------------------------

The first derivative       (Ux) in   km*sec^-2 at P is:-3.115506785524092E-08
The first derivative       (Uy) in   km*sec^-2 at P is: 4.233293111931219E-08
The first derivative       (Uz) in   km*sec^-2 at P is: 4.200679084518212E-16
-------------------------------------------------------------------

Length of the attraction vector in   km*sec^-2 at P is: 5.256153831669214E-08
phi   (angle to x-axis in degrees) : 126.35134
theta (angle to y-axis in degrees) :  36.35134
omega (angle to z-axis in degrees) :  90.00000

-------------------------------------------------------------------

The second  derivative    (Uxx) in     sec^-2 at P is: 2.605391206562798E-08
The second  derivative    (Uyy) in     sec^-2 at P is: 1.810919210614292E-07
The second  derivative    (Uzz) in     sec^-2 at P is:-2.071458331270570E-07

-------------------------------------------------------------------
The Laplace equation ( Uxx + Uyy + Uzz ) at P gives  : 1.852884572118782E-22
-------------------------------------------------------------------

The second  derivative    (Uxy) in     sec^-2 at P is:-2.712387720665846E-07
The second  derivative    (Uxz) in     sec^-2 at P is: 3.651051625656786E-09
The second  derivative    (Uyx) in     sec^-2 at P is:-2.712387720665846E-07
The second  derivative    (Uyz) in     sec^-2 at P is:-4.872993768088129E-09
The second  derivative    (Uzx) in     sec^-2 at P is: 3.651051625656786E-09
The second  derivative    (Uzy) in     sec^-2 at P is:-4.872993768088129E-09

-------------------------------------------------------------------

The Jacobi Constant (J) or (V) in km^2*sec^-2 at P is:-2.405319241847841E-08

-------------------------------------------------------------------

The Rotation Period in hours is: 4.296057000000000E+00
Density: 1.190000000000000E+12
-------------------------------------------------------------------

The first  SRP component in km*sec^-2 at P is: 0.000000000000000E+00
The second SRP component in km*sec^-2 at P is: 0.000000000000000E+00
The third  SRP component in km*sec^-2 at P is: 0.000000000000000E+00
Asteroid angle (degrees) :   0.00000
Sun angle      (degrees) :   0.00000
Particle radius (km): 1.200000000000000E-07

