
The coordinate (X) of the equilibrium point P in km is: 5.979240540610713E-03
The coordinate (Y) of the equilibrium point P in km is:-3.144323588563376E-01
The coordinate (Z) of the equilibrium point P in km is:-1.413345336914063E-03
-------------------------------------------------------------------

The gravitational potential (U) in km^2*sec^-2 at P is:-1.577399281269539E-08
-------------------------------------------------------------------

The first derivative       (Ux) in   km*sec^-2 at P is:-9.868725070086228E-10
The first derivative       (Uy) in   km*sec^-2 at P is: 5.189696119478615E-08
The first derivative       (Uz) in   km*sec^-2 at P is:-8.588574899083008E-16
-------------------------------------------------------------------

Length of the attraction vector in   km*sec^-2 at P is: 5.190634352945919E-08
phi   (angle to x-axis in degrees) :  91.08941
theta (angle to y-axis in degrees) :   1.08941
omega (angle to z-axis in degrees) :  90.00000

-------------------------------------------------------------------

The second  derivative    (Uxx) in     sec^-2 at P is:-1.522272366262405E-07
The second  derivative    (Uyy) in     sec^-2 at P is: 3.475724283413328E-07
The second  derivative    (Uzz) in     sec^-2 at P is:-1.953451917150905E-07

-------------------------------------------------------------------
The Laplace equation ( Uxx + Uyy + Uzz ) at P gives  : 1.747005453711994E-21
-------------------------------------------------------------------

The second  derivative    (Uxy) in     sec^-2 at P is:-1.250818716387999E-08
The second  derivative    (Uxz) in     sec^-2 at P is: 3.924046041689648E-09
The second  derivative    (Uyx) in     sec^-2 at P is:-1.250818716387999E-08
The second  derivative    (Uyz) in     sec^-2 at P is: 4.314070900161749E-10
The second  derivative    (Uzx) in     sec^-2 at P is: 3.924046041689648E-09
The second  derivative    (Uzy) in     sec^-2 at P is: 4.314070900161749E-10

-------------------------------------------------------------------

The Jacobi Constant (J) or (V) in km^2*sec^-2 at P is:-2.393598459146067E-08

-------------------------------------------------------------------

The Rotation Period in hours is: 4.296057000000000E+00
Density: 1.190000000000000E+12
-------------------------------------------------------------------

The first  SRP component in km*sec^-2 at P is: 0.000000000000000E+00
The second SRP component in km*sec^-2 at P is: 0.000000000000000E+00
The third  SRP component in km*sec^-2 at P is: 0.000000000000000E+00
Asteroid angle (degrees) :   0.00000
Sun angle      (degrees) :   0.00000
Particle radius (km): 1.200000000000000E-07

