
The coordinate (X) of the equilibrium point P in km is: 8.436628631076450E-02
The coordinate (Y) of the equilibrium point P in km is: 3.026156710879395E-01
The coordinate (Z) of the equilibrium point P in km is: 1.879591783828663E-03
-------------------------------------------------------------------

The gravitational potential (U) in km^2*sec^-2 at P is:-1.577586297403074E-08
-------------------------------------------------------------------

The first derivative       (Ux) in   km*sec^-2 at P is:-1.392462787341812E-08
The first derivative       (Uy) in   km*sec^-2 at P is:-4.994661722055893E-08
The first derivative       (Uz) in   km*sec^-2 at P is:-6.315298097566209E-21
-------------------------------------------------------------------

Length of the attraction vector in   km*sec^-2 at P is: 5.185132431471936E-08
phi   (angle to x-axis in degrees) : 105.57795
theta (angle to y-axis in degrees) : 164.42205
omega (angle to z-axis in degrees) :  90.00000

-------------------------------------------------------------------

The second  derivative    (Uxx) in     sec^-2 at P is:-1.172933906757571E-07
The second  derivative    (Uyy) in     sec^-2 at P is: 3.177972303580843E-07
The second  derivative    (Uzz) in     sec^-2 at P is:-2.005038396823255E-07

-------------------------------------------------------------------
The Laplace equation ( Uxx + Uyy + Uzz ) at P gives  : 1.773475233313691E-21
-------------------------------------------------------------------

The second  derivative    (Uxy) in     sec^-2 at P is: 1.296874229281072E-07
The second  derivative    (Uxz) in     sec^-2 at P is:-2.822372629268860E-09
The second  derivative    (Uyx) in     sec^-2 at P is: 1.296874229281072E-07
The second  derivative    (Uyz) in     sec^-2 at P is:-5.307908836173373E-09
The second  derivative    (Uzx) in     sec^-2 at P is:-2.822372629268860E-09
The second  derivative    (Uzy) in     sec^-2 at P is:-5.307908836173373E-09

-------------------------------------------------------------------

The Jacobi Constant (J) or (V) in km^2*sec^-2 at P is:-2.392056208938823E-08

-------------------------------------------------------------------

The Rotation Period in hours is: 4.296057000000000E+00
Density: 1.190000000000000E+12

