
The coordinate (X) of the equilibrium point P in km is:-2.979842453186813E-01
The coordinate (Y) of the equilibrium point P in km is:-1.242945823927779E-01
The coordinate (Z) of the equilibrium point P in km is:-2.616683050421003E-03
-------------------------------------------------------------------

The gravitational potential (U) in km^2*sec^-2 at P is:-1.564433393502971E-08
-------------------------------------------------------------------

The first derivative       (Ux) in   km*sec^-2 at P is: 4.918220195295807E-08
The first derivative       (Uy) in   km*sec^-2 at P is: 2.051477995459947E-08
The first derivative       (Uz) in   km*sec^-2 at P is: 8.472741299776351E-19
-------------------------------------------------------------------

Length of the attraction vector in   km*sec^-2 at P is: 5.328925957007837E-08
phi   (angle to x-axis in degrees) :  22.64189
theta (angle to y-axis in degrees) :  67.35811
omega (angle to z-axis in degrees) :  90.00000

-------------------------------------------------------------------

The second  derivative    (Uxx) in     sec^-2 at P is: 3.270960486826396E-07
The second  derivative    (Uyy) in     sec^-2 at P is:-9.661793289936652E-08
The second  derivative    (Uzz) in     sec^-2 at P is:-2.304781157832741E-07

-------------------------------------------------------------------
The Laplace equation ( Uxx + Uyy + Uzz ) at P gives  :-9.793818452627848E-22
-------------------------------------------------------------------

The second  derivative    (Uxy) in     sec^-2 at P is: 2.051358149906263E-07
The second  derivative    (Uxz) in     sec^-2 at P is:-4.568835701084249E-09
The second  derivative    (Uyx) in     sec^-2 at P is: 2.051358149906263E-07
The second  derivative    (Uyz) in     sec^-2 at P is:-1.398510708877959E-09
The second  derivative    (Uzx) in     sec^-2 at P is:-4.568835701084249E-09
The second  derivative    (Uzy) in     sec^-2 at P is:-1.398510708877959E-09

-------------------------------------------------------------------

The Jacobi Constant (J) or (V) in km^2*sec^-2 at P is:-2.424703260472960E-08

-------------------------------------------------------------------

The Rotation Period in hours is: 4.296057000000000E+00
Density: 1.190000000000000E+12

