
The coordinate (X) of the equilibrium point P in km is:-1.917327951065973E-01
The coordinate (Y) of the equilibrium point P in km is: 2.582349617668528E-01
The coordinate (Z) of the equilibrium point P in km is: 4.336451507907686E-05
-------------------------------------------------------------------

The gravitational potential (U) in km^2*sec^-2 at P is:-1.564129956172230E-08
-------------------------------------------------------------------

The first derivative       (Ux) in   km*sec^-2 at P is: 3.164543500351531E-08
The first derivative       (Uy) in   km*sec^-2 at P is:-4.262159564847583E-08
The first derivative       (Uz) in   km*sec^-2 at P is:-8.033355561987311E-24
-------------------------------------------------------------------

Length of the attraction vector in   km*sec^-2 at P is: 5.308515773908829E-08
phi   (angle to x-axis in degrees) :  53.40707
theta (angle to y-axis in degrees) : 143.40707
omega (angle to z-axis in degrees) :  90.00000

-------------------------------------------------------------------

The second  derivative    (Uxx) in     sec^-2 at P is: 2.643145288634591E-08
The second  derivative    (Uyy) in     sec^-2 at P is: 1.983729029051081E-07
The second  derivative    (Uzz) in     sec^-2 at P is:-2.248043557914524E-07

-------------------------------------------------------------------
The Laplace equation ( Uxx + Uyy + Uzz ) at P gives  : 1.588186776101813E-21
-------------------------------------------------------------------

The second  derivative    (Uxy) in     sec^-2 at P is:-2.837592061987642E-07
The second  derivative    (Uxz) in     sec^-2 at P is: 1.760878830590984E-09
The second  derivative    (Uyx) in     sec^-2 at P is:-2.837592061987642E-07
The second  derivative    (Uyz) in     sec^-2 at P is: 7.334344186771507E-10
The second  derivative    (Uzx) in     sec^-2 at P is: 1.760878830590984E-09
The second  derivative    (Uzy) in     sec^-2 at P is: 7.334344186771507E-10

-------------------------------------------------------------------

The Jacobi Constant (J) or (V) in km^2*sec^-2 at P is:-2.417822647587958E-08

-------------------------------------------------------------------

The Rotation Period in hours is: 4.296057000000000E+00
Density: 1.190000000000000E+12

