
The coordinate (X) of the equilibrium point P in km is: 1.887619766053782E-01
The coordinate (Y) of the equilibrium point P in km is:-2.564858622132848E-01
The coordinate (Z) of the equilibrium point P in km is:-1.462386171383799E-03
-------------------------------------------------------------------

The gravitational potential (U) in km^2*sec^-2 at P is:-1.568384694499123E-08
-------------------------------------------------------------------

The first derivative       (Ux) in   km*sec^-2 at P is:-3.115510227956646E-08
The first derivative       (Uy) in   km*sec^-2 at P is: 4.233290741893847E-08
The first derivative       (Uz) in   km*sec^-2 at P is: 1.045356153313396E-20
-------------------------------------------------------------------

Length of the attraction vector in   km*sec^-2 at P is: 5.256153963299271E-08
phi   (angle to x-axis in degrees) : 126.35138
theta (angle to y-axis in degrees) :  36.35138
omega (angle to z-axis in degrees) :  90.00000

-------------------------------------------------------------------

The second  derivative    (Uxx) in     sec^-2 at P is: 2.605441220690019E-08
The second  derivative    (Uyy) in     sec^-2 at P is: 1.810914088153927E-07
The second  derivative    (Uzz) in     sec^-2 at P is:-2.071458210222937E-07

-------------------------------------------------------------------
The Laplace equation ( Uxx + Uyy + Uzz ) at P gives  :-7.940933880509066E-22
-------------------------------------------------------------------

The second  derivative    (Uxy) in     sec^-2 at P is:-2.712388869738293E-07
The second  derivative    (Uxz) in     sec^-2 at P is: 3.651067991997554E-09
The second  derivative    (Uyx) in     sec^-2 at P is:-2.712388869738293E-07
The second  derivative    (Uyz) in     sec^-2 at P is:-4.872987810225111E-09
The second  derivative    (Uzx) in     sec^-2 at P is: 3.651067991997554E-09
The second  derivative    (Uzy) in     sec^-2 at P is:-4.872987810225111E-09

-------------------------------------------------------------------

The Jacobi Constant (J) or (V) in km^2*sec^-2 at P is:-2.405319241847883E-08

-------------------------------------------------------------------

The Rotation Period in hours is: 4.296057000000000E+00
Density: 1.190000000000000E+12

