
The coordinate (X) of the equilibrium point P in km is: 2.703349739749019E-01
The coordinate (Y) of the equilibrium point P in km is:-1.626195259013344E-01
The coordinate (Z) of the equilibrium point P in km is:-8.015398299209294E-04
-------------------------------------------------------------------

The gravitational potential (U) in km^2*sec^-2 at P is:-1.580422110481547E-08
-------------------------------------------------------------------

The first derivative       (Ux) in   km*sec^-2 at P is:-4.461869875310382E-08
The first derivative       (Uy) in   km*sec^-2 at P is: 2.684029939322094E-08
The first derivative       (Uz) in   km*sec^-2 at P is:-5.108401062906540E-20
-------------------------------------------------------------------

Length of the attraction vector in   km*sec^-2 at P is: 5.206947234165106E-08
phi   (angle to x-axis in degrees) : 148.97106
theta (angle to y-axis in degrees) :  58.97106
omega (angle to z-axis in degrees) :  90.00000

-------------------------------------------------------------------

The second  derivative    (Uxx) in     sec^-2 at P is: 2.210290317641453E-07
The second  derivative    (Uyy) in     sec^-2 at P is:-2.445142445441028E-08
The second  derivative    (Uzz) in     sec^-2 at P is:-1.965776073097341E-07

-------------------------------------------------------------------
The Laplace equation ( Uxx + Uyy + Uzz ) at P gives  : 8.999725064576941E-22
-------------------------------------------------------------------

The second  derivative    (Uxy) in     sec^-2 at P is:-2.179772860365357E-07
The second  derivative    (Uxz) in     sec^-2 at P is: 2.370991763329596E-09
The second  derivative    (Uyx) in     sec^-2 at P is:-2.179772860365357E-07
The second  derivative    (Uyz) in     sec^-2 at P is: 7.104375438764530E-10
The second  derivative    (Uzx) in     sec^-2 at P is: 2.370991763329596E-09
The second  derivative    (Uzy) in     sec^-2 at P is: 7.104375438764530E-10

-------------------------------------------------------------------

The Jacobi Constant (J) or (V) in km^2*sec^-2 at P is:-2.401759686911039E-08

-------------------------------------------------------------------

The Rotation Period in hours is: 4.296057000000000E+00
Density: 1.190000000000000E+12

